<?xml version="1.0" encoding="UTF-8"?>
<!-- Generated by org.testng.reporters.JUnitReportReporter -->
<testsuite skipped="0" hostname="DESKTOP-91NROQ5" name="api.ExampleTests" tests="1" failures="0" timestamp="2022-03-18T23:25:34 EET" time="1.022" errors="0">
  <testcase name="exampleTest1" time="1.022" classname="api.ExampleTests"/>
  <system-out/>
</testsuite> <!-- api.ExampleTests -->
